<?xml version="1.0" encoding="UTF-8"?>
<testng-results skipped="0" failed="0" total="2" passed="2">
  <reporter-output>
  </reporter-output>
  <suite name="Default suite" duration-ms="35426" started-at="2019-04-25T08:59:44Z" finished-at="2019-04-25T09:00:19Z">
    <groups>
    </groups>
    <test name="Default test" duration-ms="35426" started-at="2019-04-25T08:59:44Z" finished-at="2019-04-25T09:00:19Z">
      <class name="runner.TestRunner">
        <test-method status="PASS" signature="beforeSuite()[pri:0, instance:runner.TestRunner@79b4d0f]" name="beforeSuite" is-config="true" duration-ms="162" started-at="2019-04-25T14:29:44Z" finished-at="2019-04-25T14:29:44Z">
          <reporter-output>
          </reporter-output>
        </test-method> <!-- beforeSuite -->
        <test-method status="PASS" signature="setUP()[pri:0, instance:runner.TestRunner@79b4d0f]" name="setUP" is-config="true" duration-ms="222" started-at="2019-04-25T14:29:44Z" finished-at="2019-04-25T14:29:44Z">
          <reporter-output>
          </reporter-output>
        </test-method> <!-- setUP -->
        <test-method status="PASS" signature="login(cucumber.api.testng.CucumberFeatureWrapper)[pri:0, instance:runner.TestRunner@79b4d0f]" name="login" duration-ms="10308" started-at="2019-04-25T14:29:44Z" data-provider="features" finished-at="2019-04-25T14:29:54Z">
          <params>
            <param index="0">
              <value>
                <![CDATA[loginTest]]>
              </value>
            </param>
          </params>
          <reporter-output>
          </reporter-output>
        </test-method> <!-- login -->
        <test-method status="PASS" signature="login(cucumber.api.testng.CucumberFeatureWrapper)[pri:0, instance:runner.TestRunner@79b4d0f]" name="login" duration-ms="24819" started-at="2019-04-25T14:29:54Z" data-provider="features" finished-at="2019-04-25T14:30:19Z">
          <params>
            <param index="0">
              <value>
                <![CDATA[matching of actual with expected balance of customer]]>
              </value>
            </param>
          </params>
          <reporter-output>
          </reporter-output>
        </test-method> <!-- login -->
        <test-method status="PASS" signature="tearDown()[pri:0, instance:runner.TestRunner@79b4d0f]" name="tearDown" is-config="true" duration-ms="302" started-at="2019-04-25T14:30:19Z" finished-at="2019-04-25T14:30:19Z">
          <reporter-output>
          </reporter-output>
        </test-method> <!-- tearDown -->
      </class> <!-- runner.TestRunner -->
    </test> <!-- Default test -->
  </suite> <!-- Default suite -->
</testng-results>
